(remove-can-lid can1 red)
(pick-up brush1)
(load-brush brush1 can1 red)
(paint a red brush1)
(put-down brush1)
(replace-can-lid can1 red)
(remove-can-lid can2 green)
(pick-up brush1)
(wash-brush brush1 wb1 red)
(load-brush brush1 can2 green)
(paint c green brush1)
(put-down brush1)
(replace-can-lid can2 green)
(remove-can-lid can3 blue)
(pick-up brush1)
(wash-brush brush1 wb1 green)
(load-brush brush1 can3 blue)
(paint b blue brush1)
(wash-brush brush1 wb1 blue)
(put-down brush1)
(replace-can-lid can3 blue)
