(unstack c b)
(put-down c)
(remove-can-lid can3 blue)
(pick-up brush1)
(load-brush brush1 can3 blue)
(paint c blue brush1)
(put-down brush1)
(replace-can-lid can3 blue)
(unstack can3 can2)
(put-down can3)
(remove-can-lid can2 green)
(unstack b a)
(put-down b)
(pick-up brush1)
(wash-brush brush1 wb1 blue)
(load-brush brush1 can2 green)
(paint b green brush1)
(put-down brush1)
(replace-can-lid can2 green)
(pick-up b)
(stack b c)
(unstack can2 can1)
(put-down can2)
(remove-can-lid can1 red)
(pick-up brush1)
(wash-brush brush1 wb1 green)
(load-brush brush1 can1 red)
(paint a red brush1)
(wash-brush brush1 wb1 red)
(put-down brush1)
(replace-can-lid can1 red)
(pick-up a)
(stack a b)
