(unstack c b)
(put-down c)
(unstack wb1 can2)
(put-down wb1)
(remove-can-lid can2 green)
(unstack can2 can1)
(put-down can2)
(remove-can-lid can1 red)
(unstack can1 brush1)
(stack can1 b)
(pick-up brush1)
(load-brush brush1 can1 red)
(paint c red brush1)
(put-down brush1)
(replace-can-lid can1 red)
(unstack can1 b)
(put-down can1)
(unstack b a)
(put-down b)
(pick-up brush1)
(paint a red brush1)
(wash-brush brush1 wb1 red)
(load-brush brush1 can2 green)
(paint b green brush1)
(wash-brush brush1 wb1 green)
(stack brush1 can1)
(replace-can-lid can2 green)
(pick-up b)
(stack b c)
(pick-up a)
(stack a b)
